            --------------------------------------------------------
                             AMBER SQM VERSION 19
 
                                     By
              Ross C. Walker, Michael F. Crowley, Scott Brozell,
                         Tim Giese, Andreas W. Goetz,
                        Tai-Sung Lee and David A. Case
 
            --------------------------------------------------------
 

--------------------------------------------------------------------------------
  QM CALCULATION INFO
--------------------------------------------------------------------------------

| QMMM: Citation for AMBER QMMM Run:
| QMMM: R.C. Walker, M.F. Crowley and D.A. Case, J. COMP. CHEM. 29:1019, 2008

QMMM: SINGLET STATE CALCULATION
QMMM: RHF CALCULATION, NO. OF DOUBLY OCCUPIED LEVELS = 25

| QMMM: *** Selected Hamiltonian *** 
| QMMM: AM1         

| QMMM: *** Parameter sets in use ***
| QMMM: N : M.J.S.DEWAR et al. JACS, 107, 3902, (1985)
| QMMM: C : M.J.S.DEWAR et al. JACS, 107, 3902, (1985)
| QMMM: O : M.J.S.DEWAR et al. JACS, 107, 3902, (1985)
| QMMM: H : M.J.S.DEWAR et al. JACS, 107, 3902, (1985)

| QMMM: *** SCF convergence criteria ***
| QMMM: Energy change                :  0.1D-09 kcal/mol
| QMMM: Error matrix |FP-PF|         :  0.1D+00 au
| QMMM: Density matrix change        :  0.5D-06
| QMMM: Maximum number of SCF cycles :     1000

| QMMM: *** Diagonalization Routine Information ***
| QMMM: Pseudo diagonalizations are allowed.
| QMMM: Auto diagonalization routine selection is in use.
| QMMM:
| QMMM: Timing diagonalization routines:
| QMMM:                              norbs =       43
| QMMM:    diag iterations used for timing =       20
| QMMM:
| QMMM:              Internal diag routine = 0.005205 seconds
| QMMM:                 Dspev diag routine = 0.028686 seconds
| QMMM:                Dspevd diag routine = 0.011717 seconds
| QMMM:                Dspevx diag routine = 0.019335 seconds
| QMMM:                 Dsyev diag routine = 0.013303 seconds
| QMMM:                Dsyevd diag routine = 0.004912 seconds
| QMMM:                Dsyevr diag routine = 0.011057 seconds
| QMMM:
| QMMM:                Pseudo diag routine = 0.001063 seconds
| QMMM:
| QMMM: Using dsyevd routine (diag_routine=6).

  QMMM: QM Region Cartesian Coordinates (*=link atom) 
  QMMM: QM_NO.   MM_NO.  ATOM         X         Y         Z
  QMMM:     1        1      N        9.1230  -29.3460  110.6300
  QMMM:     2        2      C        5.7220  -28.9150  111.5590
  QMMM:     3        3      C        6.6220  -29.9610  110.9730
  QMMM:     4        4      C        8.0550  -30.0500  111.4110
  QMMM:     5        5      C        5.3690  -27.6950  110.7600
  QMMM:     6        6      C        6.3680  -27.1090  109.8060
  QMMM:     7        7      O        7.6820  -26.5980  110.3170
  QMMM:     8        8      O        6.0510  -27.0330  108.3420
  QMMM:     9        9      H       10.0300  -29.5130  111.0670
  QMMM:    10       10      H        8.9310  -28.3440  110.6180
  QMMM:    11       11      H        6.1920  -28.5710  112.4570
  QMMM:    12       12      H        4.7860  -29.4240  111.6570
  QMMM:    13       13      H        6.6320  -29.8020  109.9150
  QMMM:    14       14      H        6.1990  -30.8770  111.3290
  QMMM:    15       15      H        8.0980  -29.6650  112.4090
  QMMM:    16       16      H        8.2910  -31.0840  111.2720
  QMMM:    17       17      H        5.1240  -26.9260  111.4620
  QMMM:    18       18      H        4.5870  -28.0400  110.1170
  QMMM:    19       19      H        5.2300  -27.3520  108.0230

--------------------------------------------------------------------------------
  RESULTS
--------------------------------------------------------------------------------

      iter         sqm energy              rms gradient
      ----    -------------------    -----------------------
xmin    10       44.0833 kcal/mol        1.3838 kcal/(mol*A)
xmin    20        0.3984 kcal/mol        3.8446 kcal/(mol*A)
xmin    30      -22.8623 kcal/mol        1.6893 kcal/(mol*A)
xmin    40      -33.5189 kcal/mol        1.9543 kcal/(mol*A)
xmin    50      -41.2854 kcal/mol        1.3754 kcal/(mol*A)
xmin    60      -46.5138 kcal/mol        1.2690 kcal/(mol*A)
xmin    70      -50.0746 kcal/mol        0.9171 kcal/(mol*A)
xmin    80      -52.5534 kcal/mol        1.3876 kcal/(mol*A)
xmin    90      -54.3146 kcal/mol        2.9485 kcal/(mol*A)
xmin   100      -55.7429 kcal/mol        0.4957 kcal/(mol*A)
xmin   110      -56.7060 kcal/mol        0.5374 kcal/(mol*A)
xmin   120      -57.4330 kcal/mol        0.5476 kcal/(mol*A)
xmin   130      -58.0647 kcal/mol        0.8938 kcal/(mol*A)
xmin   140      -58.5223 kcal/mol        1.8341 kcal/(mol*A)
xmin   150      -58.9348 kcal/mol        1.2547 kcal/(mol*A)
xmin   160      -59.2524 kcal/mol        1.3703 kcal/(mol*A)
xmin   170      -59.6964 kcal/mol        0.9944 kcal/(mol*A)
xmin   180      -60.2801 kcal/mol        2.7119 kcal/(mol*A)
xmin   190      -60.7762 kcal/mol        1.5229 kcal/(mol*A)
xmin   200      -61.2228 kcal/mol        1.1970 kcal/(mol*A)
xmin   210      -61.6790 kcal/mol        0.9013 kcal/(mol*A)
xmin   220      -62.0675 kcal/mol        0.6938 kcal/(mol*A)
xmin   230      -62.4326 kcal/mol        0.5302 kcal/(mol*A)
xmin   240      -62.7038 kcal/mol        0.5680 kcal/(mol*A)
xmin   250      -62.8369 kcal/mol        0.3784 kcal/(mol*A)
xmin   260      -63.0242 kcal/mol        1.3348 kcal/(mol*A)
xmin   270      -63.2340 kcal/mol        0.8366 kcal/(mol*A)
xmin   280      -63.4995 kcal/mol        0.4215 kcal/(mol*A)
xmin   290      -63.7051 kcal/mol        0.2524 kcal/(mol*A)
xmin   300      -63.8444 kcal/mol        0.6190 kcal/(mol*A)
xmin   310      -63.9440 kcal/mol        0.7492 kcal/(mol*A)
xmin   320      -64.0286 kcal/mol        0.2184 kcal/(mol*A)
xmin   330      -64.1097 kcal/mol        0.1688 kcal/(mol*A)
xmin   340      -64.1776 kcal/mol        0.1429 kcal/(mol*A)
xmin   350      -64.2582 kcal/mol        0.3664 kcal/(mol*A)
xmin   360      -64.3727 kcal/mol        0.2664 kcal/(mol*A)
xmin   370      -64.4784 kcal/mol        0.4329 kcal/(mol*A)
xmin   380      -64.5636 kcal/mol        0.3548 kcal/(mol*A)
xmin   390      -64.6347 kcal/mol        0.2475 kcal/(mol*A)
xmin   400      -64.6931 kcal/mol        0.1732 kcal/(mol*A)
xmin   410      -64.7434 kcal/mol        0.2652 kcal/(mol*A)
xmin   420      -64.7964 kcal/mol        0.3050 kcal/(mol*A)
xmin   430      -64.8358 kcal/mol        0.5084 kcal/(mol*A)
xmin   440      -64.8707 kcal/mol        0.4014 kcal/(mol*A)
xmin   450      -64.9408 kcal/mol        0.2994 kcal/(mol*A)
xmin   460      -65.0204 kcal/mol        0.4168 kcal/(mol*A)
xmin   470      -65.0818 kcal/mol        0.3298 kcal/(mol*A)
xmin   480      -65.1344 kcal/mol        0.4797 kcal/(mol*A)
xmin   490      -65.2103 kcal/mol        0.1858 kcal/(mol*A)
xmin   500      -65.2626 kcal/mol        0.4136 kcal/(mol*A)
xmin   510      -65.3050 kcal/mol        0.1746 kcal/(mol*A)
xmin   520      -65.3429 kcal/mol        0.1286 kcal/(mol*A)
xmin   530      -65.3710 kcal/mol        0.1617 kcal/(mol*A)
xmin   540      -65.3927 kcal/mol        0.1113 kcal/(mol*A)
xmin   550      -65.4086 kcal/mol        0.0316 kcal/(mol*A)
xmin   560      -65.4111 kcal/mol        0.0436 kcal/(mol*A)
xmin   570      -65.4162 kcal/mol        0.0334 kcal/(mol*A)
xmin   580      -65.4194 kcal/mol        0.0172 kcal/(mol*A)
xmin   590      -65.4200 kcal/mol        0.0649 kcal/(mol*A)
xmin   600      -65.4215 kcal/mol        0.0877 kcal/(mol*A)
xmin   610      -65.4249 kcal/mol        0.1564 kcal/(mol*A)
xmin   620      -65.4259 kcal/mol        0.0146 kcal/(mol*A)
xmin   630      -65.4292 kcal/mol        0.0422 kcal/(mol*A)
xmin   640      -65.4306 kcal/mol        0.0718 kcal/(mol*A)
xmin   650      -65.4319 kcal/mol        0.0179 kcal/(mol*A)
xmin   660      -65.4332 kcal/mol        0.1874 kcal/(mol*A)
xmin   670      -65.4375 kcal/mol        0.0344 kcal/(mol*A)
xmin   680      -65.4448 kcal/mol        0.0593 kcal/(mol*A)
xmin   690      -65.4497 kcal/mol        0.0352 kcal/(mol*A)
xmin   700      -65.4511 kcal/mol        0.0191 kcal/(mol*A)
xmin   710      -65.4523 kcal/mol        0.0302 kcal/(mol*A)
xmin   720      -65.4590 kcal/mol        0.1141 kcal/(mol*A)
xmin   730      -65.4675 kcal/mol        0.0933 kcal/(mol*A)
xmin   740      -65.4688 kcal/mol        0.0155 kcal/(mol*A)
xmin   750      -65.4692 kcal/mol        0.0295 kcal/(mol*A)
xmin   760      -65.4696 kcal/mol        0.0227 kcal/(mol*A)
xmin   770      -65.4707 kcal/mol        0.0680 kcal/(mol*A)
xmin   780      -65.4727 kcal/mol        0.1062 kcal/(mol*A)
xmin   790      -65.4751 kcal/mol        0.0279 kcal/(mol*A)
xmin   800      -65.4763 kcal/mol        0.0144 kcal/(mol*A)
xmin   810      -65.4763 kcal/mol        0.0037 kcal/(mol*A)
xmin   820      -65.4763 kcal/mol        0.0029 kcal/(mol*A)
xmin   830      -65.4763 kcal/mol        0.0027 kcal/(mol*A)
xmin   840      -65.4764 kcal/mol        0.0026 kcal/(mol*A)
xmin   850      -65.4764 kcal/mol        0.0026 kcal/(mol*A)
xmin   860      -65.4764 kcal/mol        0.0026 kcal/(mol*A)
xmin   870      -65.4779 kcal/mol        0.0212 kcal/(mol*A)
xmin   880      -65.4794 kcal/mol        0.0260 kcal/(mol*A)
xmin   890      -65.4888 kcal/mol        0.0797 kcal/(mol*A)
xmin   900      -65.4946 kcal/mol        0.0658 kcal/(mol*A)
xmin   910      -65.4967 kcal/mol        0.0178 kcal/(mol*A)
xmin   920      -65.4980 kcal/mol        0.0146 kcal/(mol*A)
xmin   930      -65.4984 kcal/mol        0.0423 kcal/(mol*A)
xmin   940      -65.4992 kcal/mol        0.0221 kcal/(mol*A)
xmin   950      -65.5003 kcal/mol        0.0628 kcal/(mol*A)
xmin   960      -65.5034 kcal/mol        0.0224 kcal/(mol*A)
xmin   970      -65.5129 kcal/mol        0.0610 kcal/(mol*A)
xmin   980      -65.5157 kcal/mol        0.0326 kcal/(mol*A)
xmin   990      -65.5228 kcal/mol        0.0503 kcal/(mol*A)
xmin  1000      -65.5295 kcal/mol        0.0284 kcal/(mol*A)
xmin  1010      -65.5309 kcal/mol        0.0214 kcal/(mol*A)
xmin  1020      -65.5323 kcal/mol        0.0673 kcal/(mol*A)
xmin  1030      -65.5384 kcal/mol        0.0277 kcal/(mol*A)
xmin  1040      -65.5388 kcal/mol        0.0122 kcal/(mol*A)
xmin  1050      -65.5391 kcal/mol        0.0228 kcal/(mol*A)
xmin  1060      -65.5398 kcal/mol        0.0221 kcal/(mol*A)
xmin  1070      -65.5412 kcal/mol        0.1270 kcal/(mol*A)
xmin  1080      -65.5437 kcal/mol        0.0639 kcal/(mol*A)
xmin  1090      -65.5453 kcal/mol        0.0132 kcal/(mol*A)
xmin  1100      -65.5456 kcal/mol        0.0017 kcal/(mol*A)
xmin  1110      -65.5475 kcal/mol        0.0926 kcal/(mol*A)
xmin  1120      -65.5506 kcal/mol        0.0510 kcal/(mol*A)
xmin  1130      -65.5543 kcal/mol        0.0338 kcal/(mol*A)
xmin  1140      -65.5629 kcal/mol        0.0555 kcal/(mol*A)
xmin  1150      -65.5676 kcal/mol        0.0844 kcal/(mol*A)
xmin  1160      -65.5694 kcal/mol        0.0306 kcal/(mol*A)
xmin  1170      -65.5720 kcal/mol        0.1024 kcal/(mol*A)
xmin  1180      -65.5763 kcal/mol        0.0232 kcal/(mol*A)
xmin  1190      -65.5776 kcal/mol        0.1158 kcal/(mol*A)
xmin  1200      -65.5785 kcal/mol        0.0106 kcal/(mol*A)
xmin  1210      -65.5788 kcal/mol        0.0245 kcal/(mol*A)
xmin  1220      -65.5821 kcal/mol        0.0533 kcal/(mol*A)
xmin  1230      -65.5827 kcal/mol        0.0380 kcal/(mol*A)
xmin  1240      -65.5839 kcal/mol        0.0463 kcal/(mol*A)
xmin  1250      -65.5851 kcal/mol        0.0198 kcal/(mol*A)
xmin  1260      -65.5864 kcal/mol        0.0219 kcal/(mol*A)
xmin  1270      -65.5890 kcal/mol        0.0857 kcal/(mol*A)
xmin  1280      -65.5915 kcal/mol        0.0685 kcal/(mol*A)
xmin  1290      -65.5975 kcal/mol        0.2086 kcal/(mol*A)
xmin  1300      -65.6010 kcal/mol        0.0064 kcal/(mol*A)
xmin  1310      -65.6018 kcal/mol        0.0479 kcal/(mol*A)
xmin  1320      -65.6025 kcal/mol        0.0982 kcal/(mol*A)
xmin  1330      -65.6035 kcal/mol        0.0282 kcal/(mol*A)
xmin  1340      -65.6039 kcal/mol        0.0127 kcal/(mol*A)
xmin  1350      -65.6043 kcal/mol        0.0134 kcal/(mol*A)
xmin  1360      -65.6050 kcal/mol        0.0146 kcal/(mol*A)
xmin  1370      -65.6057 kcal/mol        0.0102 kcal/(mol*A)
xmin  1380      -65.6068 kcal/mol        0.0172 kcal/(mol*A)
xmin  1390      -65.6090 kcal/mol        0.0278 kcal/(mol*A)
xmin  1400      -65.6160 kcal/mol        0.0817 kcal/(mol*A)
xmin  1410      -65.6181 kcal/mol        0.0266 kcal/(mol*A)
xmin  1420      -65.6235 kcal/mol        0.0620 kcal/(mol*A)
xmin  1430      -65.6298 kcal/mol        0.2388 kcal/(mol*A)
xmin  1440      -65.6415 kcal/mol        0.3432 kcal/(mol*A)
xmin  1450      -65.6580 kcal/mol        0.0478 kcal/(mol*A)
xmin  1460      -65.6726 kcal/mol        0.1633 kcal/(mol*A)
xmin  1470      -65.6917 kcal/mol        0.2814 kcal/(mol*A)
xmin  1480      -65.7064 kcal/mol        0.0629 kcal/(mol*A)
xmin  1490      -65.7183 kcal/mol        0.2046 kcal/(mol*A)
xmin  1500      -65.7319 kcal/mol        0.0360 kcal/(mol*A)
xmin  1510      -65.7336 kcal/mol        0.0362 kcal/(mol*A)
xmin  1520      -65.7388 kcal/mol        0.2505 kcal/(mol*A)
xmin  1530      -65.7539 kcal/mol        0.0377 kcal/(mol*A)
xmin  1540      -65.7582 kcal/mol        0.0038 kcal/(mol*A)
xmin  1550      -65.7588 kcal/mol        0.0247 kcal/(mol*A)
xmin  1560      -65.7608 kcal/mol        0.0494 kcal/(mol*A)
xmin  1570      -65.7683 kcal/mol        0.0055 kcal/(mol*A)
xmin  1580      -65.7687 kcal/mol        0.0280 kcal/(mol*A)
xmin  1590      -65.7691 kcal/mol        0.0251 kcal/(mol*A)
xmin  1600      -65.7702 kcal/mol        0.0475 kcal/(mol*A)
xmin  1610      -65.7721 kcal/mol        0.0883 kcal/(mol*A)
xmin  1620      -65.7728 kcal/mol        0.0199 kcal/(mol*A)
xmin  1630      -65.7732 kcal/mol        0.0405 kcal/(mol*A)
xmin  1640      -65.7753 kcal/mol        0.0715 kcal/(mol*A)
xmin  1650      -65.7766 kcal/mol        0.0364 kcal/(mol*A)
xmin  1660      -65.7807 kcal/mol        0.0613 kcal/(mol*A)
xmin  1670      -65.7835 kcal/mol        0.0458 kcal/(mol*A)
xmin  1680      -65.7867 kcal/mol        0.0066 kcal/(mol*A)
xmin  1690      -65.7868 kcal/mol        0.0134 kcal/(mol*A)
xmin  1700      -65.7870 kcal/mol        0.0324 kcal/(mol*A)
xmin  1710      -65.7874 kcal/mol        0.0068 kcal/(mol*A)
xmin  1720      -65.7876 kcal/mol        0.0198 kcal/(mol*A)
xmin  1730      -65.7886 kcal/mol        0.0242 kcal/(mol*A)
xmin  1740      -65.7915 kcal/mol        0.1102 kcal/(mol*A)
xmin  1750      -65.7938 kcal/mol        0.0268 kcal/(mol*A)
xmin  1760      -65.7940 kcal/mol        0.0323 kcal/(mol*A)
xmin  1770      -65.7972 kcal/mol        0.3495 kcal/(mol*A)
xmin  1780      -65.8034 kcal/mol        0.1915 kcal/(mol*A)
xmin  1790      -65.8119 kcal/mol        0.0362 kcal/(mol*A)
xmin  1800      -65.8209 kcal/mol        0.2143 kcal/(mol*A)
xmin  1810      -65.8316 kcal/mol        0.0673 kcal/(mol*A)
xmin  1820      -65.8390 kcal/mol        0.0231 kcal/(mol*A)
xmin  1830      -65.8445 kcal/mol        0.0968 kcal/(mol*A)
xmin  1840      -65.8521 kcal/mol        0.0615 kcal/(mol*A)
xmin  1850      -65.8561 kcal/mol        0.0071 kcal/(mol*A)
xmin  1860      -65.8562 kcal/mol        0.0098 kcal/(mol*A)
xmin  1870      -65.8565 kcal/mol        0.0405 kcal/(mol*A)
xmin  1880      -65.8568 kcal/mol        0.0263 kcal/(mol*A)
xmin  1890      -65.8578 kcal/mol        0.0628 kcal/(mol*A)
xmin  1900      -65.8594 kcal/mol        0.0064 kcal/(mol*A)
xmin  1910      -65.8611 kcal/mol        0.0578 kcal/(mol*A)
xmin  1920      -65.8626 kcal/mol        0.0046 kcal/(mol*A)
xmin  1930      -65.8627 kcal/mol        0.0086 kcal/(mol*A)
xmin  1940      -65.8630 kcal/mol        0.0378 kcal/(mol*A)
xmin  1950      -65.8635 kcal/mol        0.0208 kcal/(mol*A)
xmin  1960      -65.8641 kcal/mol        0.0167 kcal/(mol*A)
xmin  1970      -65.8652 kcal/mol        0.0787 kcal/(mol*A)
xmin  1980      -65.8659 kcal/mol        0.0334 kcal/(mol*A)
xmin  1990      -65.8675 kcal/mol        0.0209 kcal/(mol*A)
xmin  2000      -65.8678 kcal/mol        0.0168 kcal/(mol*A)
xmin  2010      -65.8680 kcal/mol        0.0090 kcal/(mol*A)
xmin  2020      -65.8681 kcal/mol        0.0213 kcal/(mol*A)
xmin  2030      -65.8683 kcal/mol        0.0304 kcal/(mol*A)
xmin  2040      -65.8691 kcal/mol        0.0304 kcal/(mol*A)
xmin  2050      -65.8703 kcal/mol        0.0084 kcal/(mol*A)
xmin  2060      -65.8708 kcal/mol        0.0607 kcal/(mol*A)
xmin  2070      -65.8720 kcal/mol        0.0322 kcal/(mol*A)
xmin  2080      -65.8760 kcal/mol        0.0277 kcal/(mol*A)
xmin  2090      -65.8774 kcal/mol        0.0215 kcal/(mol*A)
xmin  2100      -65.8795 kcal/mol        0.0043 kcal/(mol*A)
xmin  2110      -65.8797 kcal/mol        0.0176 kcal/(mol*A)
xmin  2120      -65.8801 kcal/mol        0.0465 kcal/(mol*A)
xmin  2130      -65.8854 kcal/mol        0.0299 kcal/(mol*A)
xmin  2140      -65.8862 kcal/mol        0.0032 kcal/(mol*A)
xmin  2150      -65.8863 kcal/mol        0.0319 kcal/(mol*A)
xmin  2160      -65.8867 kcal/mol        0.0260 kcal/(mol*A)
xmin  2170      -65.8872 kcal/mol        0.0140 kcal/(mol*A)
xmin  2180      -65.8887 kcal/mol        0.0302 kcal/(mol*A)
xmin  2190      -65.8896 kcal/mol        0.0251 kcal/(mol*A)
xmin  2200      -65.8898 kcal/mol        0.0096 kcal/(mol*A)
xmin  2210      -65.8903 kcal/mol        0.0083 kcal/(mol*A)
xmin  2220      -65.8908 kcal/mol        0.0291 kcal/(mol*A)
xmin  2230      -65.8941 kcal/mol        0.0935 kcal/(mol*A)
xmin  2240      -65.8969 kcal/mol        0.0031 kcal/(mol*A)
xmin  2250      -65.8970 kcal/mol        0.0016 kcal/(mol*A)
xmin  2260      -65.8970 kcal/mol        0.0051 kcal/(mol*A)
xmin  2270      -65.8973 kcal/mol        0.0116 kcal/(mol*A)
xmin  2280      -65.8975 kcal/mol        0.0798 kcal/(mol*A)
xmin  2290      -65.9054 kcal/mol        0.1948 kcal/(mol*A)
xmin  2300      -65.9082 kcal/mol        0.0556 kcal/(mol*A)
xmin  2310      -65.9090 kcal/mol        0.0304 kcal/(mol*A)
xmin  2320      -65.9094 kcal/mol        0.0142 kcal/(mol*A)
xmin  2330      -65.9095 kcal/mol        0.0055 kcal/(mol*A)
xmin  2340      -65.9099 kcal/mol        0.0366 kcal/(mol*A)
xmin  2350      -65.9136 kcal/mol        0.0849 kcal/(mol*A)
xmin  2360      -65.9185 kcal/mol        0.0299 kcal/(mol*A)
xmin  2370      -65.9214 kcal/mol        0.1324 kcal/(mol*A)
xmin  2380      -65.9283 kcal/mol        0.0378 kcal/(mol*A)
xmin  2390      -65.9348 kcal/mol        0.0564 kcal/(mol*A)
xmin  2400      -65.9364 kcal/mol        0.0928 kcal/(mol*A)
xmin  2410      -65.9467 kcal/mol        0.2599 kcal/(mol*A)
xmin  2420      -65.9615 kcal/mol        0.1423 kcal/(mol*A)
xmin  2430      -65.9780 kcal/mol        0.1044 kcal/(mol*A)
xmin  2440      -65.9954 kcal/mol        0.0751 kcal/(mol*A)
xmin  2450      -66.0109 kcal/mol        0.1004 kcal/(mol*A)
xmin  2460      -66.0257 kcal/mol        0.0712 kcal/(mol*A)
xmin  2470      -66.0405 kcal/mol        0.1151 kcal/(mol*A)
xmin  2480      -66.0561 kcal/mol        0.2198 kcal/(mol*A)
xmin  2490      -66.0722 kcal/mol        0.3077 kcal/(mol*A)
xmin  2500      -66.0860 kcal/mol        0.3529 kcal/(mol*A)
xmin  2510      -66.0990 kcal/mol        0.2472 kcal/(mol*A)
xmin  2520      -66.1078 kcal/mol        0.3224 kcal/(mol*A)
xmin  2530      -66.1172 kcal/mol        0.2740 kcal/(mol*A)
xmin  2540      -66.1314 kcal/mol        0.2096 kcal/(mol*A)
xmin  2550      -66.1479 kcal/mol        0.3577 kcal/(mol*A)
xmin  2560      -66.1607 kcal/mol        0.1820 kcal/(mol*A)
xmin  2570      -66.1725 kcal/mol        0.1997 kcal/(mol*A)
xmin  2580      -66.1855 kcal/mol        0.2087 kcal/(mol*A)
xmin  2590      -66.1972 kcal/mol        0.1841 kcal/(mol*A)
xmin  2600      -66.2070 kcal/mol        0.1577 kcal/(mol*A)
xmin  2610      -66.2170 kcal/mol        0.1662 kcal/(mol*A)
xmin  2620      -66.2266 kcal/mol        0.2888 kcal/(mol*A)
xmin  2630      -66.2358 kcal/mol        0.2388 kcal/(mol*A)
xmin  2640      -66.2442 kcal/mol        0.3499 kcal/(mol*A)
xmin  2650      -66.2532 kcal/mol        0.3439 kcal/(mol*A)
xmin  2660      -66.2651 kcal/mol        0.1855 kcal/(mol*A)
xmin  2670      -66.2717 kcal/mol        0.3374 kcal/(mol*A)
xmin  2680      -66.2790 kcal/mol        0.2808 kcal/(mol*A)
xmin  2690      -66.2885 kcal/mol        0.1643 kcal/(mol*A)
xmin  2700      -66.2935 kcal/mol        0.2362 kcal/(mol*A)
xmin  2710      -66.3002 kcal/mol        0.2432 kcal/(mol*A)
xmin  2720      -66.3067 kcal/mol        0.2558 kcal/(mol*A)
xmin  2730      -66.3134 kcal/mol        0.1596 kcal/(mol*A)
xmin  2740      -66.3181 kcal/mol        0.2194 kcal/(mol*A)
xmin  2750      -66.3233 kcal/mol        0.1877 kcal/(mol*A)
xmin  2760      -66.3295 kcal/mol        0.2605 kcal/(mol*A)
xmin  2770      -66.3338 kcal/mol        0.2051 kcal/(mol*A)
xmin  2780      -66.3385 kcal/mol        0.1348 kcal/(mol*A)
xmin  2790      -66.3437 kcal/mol        0.1800 kcal/(mol*A)
xmin  2800      -66.3488 kcal/mol        0.1674 kcal/(mol*A)
xmin  2810      -66.3547 kcal/mol        0.2846 kcal/(mol*A)
xmin  2820      -66.3594 kcal/mol        0.1693 kcal/(mol*A)
xmin  2830      -66.3647 kcal/mol        0.1663 kcal/(mol*A)
xmin  2840      -66.3711 kcal/mol        0.2528 kcal/(mol*A)
xmin  2850      -66.3785 kcal/mol        0.1054 kcal/(mol*A)
xmin  2860      -66.3832 kcal/mol        0.1523 kcal/(mol*A)
xmin  2870      -66.3875 kcal/mol        0.3009 kcal/(mol*A)
xmin  2880      -66.3939 kcal/mol        0.1497 kcal/(mol*A)
xmin  2890      -66.4006 kcal/mol        0.1897 kcal/(mol*A)
xmin  2900      -66.4077 kcal/mol        0.3064 kcal/(mol*A)
xmin  2910      -66.4136 kcal/mol        0.1719 kcal/(mol*A)
xmin  2920      -66.4192 kcal/mol        0.2057 kcal/(mol*A)
xmin  2930      -66.4242 kcal/mol        0.0813 kcal/(mol*A)
xmin  2940      -66.4286 kcal/mol        0.0708 kcal/(mol*A)
xmin  2950      -66.4351 kcal/mol        0.0834 kcal/(mol*A)
xmin  2960      -66.4394 kcal/mol        0.1078 kcal/(mol*A)
xmin  2970      -66.4431 kcal/mol        0.1278 kcal/(mol*A)
xmin  2980      -66.4473 kcal/mol        0.0638 kcal/(mol*A)
xmin  2990      -66.4518 kcal/mol        0.1358 kcal/(mol*A)
xmin  3000      -66.4564 kcal/mol        0.0611 kcal/(mol*A)
xmin  3010      -66.4602 kcal/mol        0.0924 kcal/(mol*A)
xmin  3020      -66.4633 kcal/mol        0.1211 kcal/(mol*A)
xmin  3030      -66.4671 kcal/mol        0.0551 kcal/(mol*A)
xmin  3040      -66.4704 kcal/mol        0.0520 kcal/(mol*A)
xmin  3050      -66.4742 kcal/mol        0.0975 kcal/(mol*A)
xmin  3060      -66.4776 kcal/mol        0.0574 kcal/(mol*A)
xmin  3070      -66.4811 kcal/mol        0.0989 kcal/(mol*A)
xmin  3080      -66.4845 kcal/mol        0.0573 kcal/(mol*A)
xmin  3090      -66.4880 kcal/mol        0.1048 kcal/(mol*A)
xmin  3100      -66.4915 kcal/mol        0.0504 kcal/(mol*A)
xmin  3110      -66.4955 kcal/mol        0.0789 kcal/(mol*A)
xmin  3120      -66.4980 kcal/mol        0.0502 kcal/(mol*A)
xmin  3130      -66.5013 kcal/mol        0.1382 kcal/(mol*A)
xmin  3140      -66.5049 kcal/mol        0.0468 kcal/(mol*A)
xmin  3150      -66.5088 kcal/mol        0.0657 kcal/(mol*A)
xmin  3160      -66.5117 kcal/mol        0.0579 kcal/(mol*A)
xmin  3170      -66.5146 kcal/mol        0.0875 kcal/(mol*A)
xmin  3180      -66.5176 kcal/mol        0.0526 kcal/(mol*A)
xmin  3190      -66.5212 kcal/mol        0.1524 kcal/(mol*A)
xmin  3200      -66.5267 kcal/mol        0.0583 kcal/(mol*A)
xmin  3210      -66.5290 kcal/mol        0.1219 kcal/(mol*A)
xmin  3220      -66.5321 kcal/mol        0.0446 kcal/(mol*A)
xmin  3230      -66.5362 kcal/mol        0.0494 kcal/(mol*A)
xmin  3240      -66.5386 kcal/mol        0.0796 kcal/(mol*A)
xmin  3250      -66.5414 kcal/mol        0.0475 kcal/(mol*A)
xmin  3260      -66.5445 kcal/mol        0.1221 kcal/(mol*A)
xmin  3270      -66.5481 kcal/mol        0.0746 kcal/(mol*A)
xmin  3280      -66.5507 kcal/mol        0.0862 kcal/(mol*A)
xmin  3290      -66.5536 kcal/mol        0.0429 kcal/(mol*A)
xmin  3300      -66.5596 kcal/mol        0.0557 kcal/(mol*A)
xmin  3310      -66.5618 kcal/mol        0.1016 kcal/(mol*A)
xmin  3320      -66.5645 kcal/mol        0.0383 kcal/(mol*A)
xmin  3330      -66.5674 kcal/mol        0.0868 kcal/(mol*A)
xmin  3340      -66.5699 kcal/mol        0.0417 kcal/(mol*A)
xmin  3350      -66.5726 kcal/mol        0.0429 kcal/(mol*A)
xmin  3360      -66.5756 kcal/mol        0.0522 kcal/(mol*A)
xmin  3370      -66.5781 kcal/mol        0.0880 kcal/(mol*A)
xmin  3380      -66.5815 kcal/mol        0.0611 kcal/(mol*A)
xmin  3390      -66.5838 kcal/mol        0.0753 kcal/(mol*A)
xmin  3400      -66.5865 kcal/mol        0.0359 kcal/(mol*A)
xmin  3410      -66.5887 kcal/mol        0.0425 kcal/(mol*A)
xmin  3420      -66.5910 kcal/mol        0.0938 kcal/(mol*A)
xmin  3430      -66.5934 kcal/mol        0.0398 kcal/(mol*A)
xmin  3440      -66.5968 kcal/mol        0.0559 kcal/(mol*A)
xmin  3450      -66.5989 kcal/mol        0.0755 kcal/(mol*A)
xmin  3460      -66.6012 kcal/mol        0.0401 kcal/(mol*A)
xmin  3470      -66.6037 kcal/mol        0.1550 kcal/(mol*A)
xmin  3480      -66.6080 kcal/mol        0.0431 kcal/(mol*A)
xmin  3490      -66.6099 kcal/mol        0.0367 kcal/(mol*A)
xmin  3500      -66.6121 kcal/mol        0.0856 kcal/(mol*A)
xmin  3510      -66.6144 kcal/mol        0.0341 kcal/(mol*A)
xmin  3520      -66.6165 kcal/mol        0.0378 kcal/(mol*A)
xmin  3530      -66.6187 kcal/mol        0.0932 kcal/(mol*A)
xmin  3540      -66.6212 kcal/mol        0.0367 kcal/(mol*A)
xmin  3550      -66.6259 kcal/mol        0.0615 kcal/(mol*A)
xmin  3560      -66.6281 kcal/mol        0.0292 kcal/(mol*A)
xmin  3570      -66.6304 kcal/mol        0.1015 kcal/(mol*A)
xmin  3580      -66.6323 kcal/mol        0.0305 kcal/(mol*A)
xmin  3590      -66.6343 kcal/mol        0.0481 kcal/(mol*A)
xmin  3600      -66.6363 kcal/mol        0.0446 kcal/(mol*A)
xmin  3610      -66.6380 kcal/mol        0.0888 kcal/(mol*A)
xmin  3620      -66.6400 kcal/mol        0.0387 kcal/(mol*A)
xmin  3630      -66.6419 kcal/mol        0.0460 kcal/(mol*A)
xmin  3640      -66.6441 kcal/mol        0.0943 kcal/(mol*A)
xmin  3650      -66.6460 kcal/mol        0.0415 kcal/(mol*A)
xmin  3660      -66.6480 kcal/mol        0.0724 kcal/(mol*A)
xmin  3670      -66.6504 kcal/mol        0.0485 kcal/(mol*A)
xmin  3680      -66.6522 kcal/mol        0.0587 kcal/(mol*A)
xmin  3690      -66.6546 kcal/mol        0.0430 kcal/(mol*A)
xmin  3700      -66.6565 kcal/mol        0.0599 kcal/(mol*A)
xmin  3710      -66.6584 kcal/mol        0.0609 kcal/(mol*A)
xmin  3720      -66.6599 kcal/mol        0.0337 kcal/(mol*A)
xmin  3730      -66.6620 kcal/mol        0.0479 kcal/(mol*A)
xmin  3740      -66.6638 kcal/mol        0.0352 kcal/(mol*A)
xmin  3750      -66.6684 kcal/mol        0.0628 kcal/(mol*A)
xmin  3760      -66.6705 kcal/mol        0.0247 kcal/(mol*A)
xmin  3770      -66.6722 kcal/mol        0.0728 kcal/(mol*A)
xmin  3780      -66.6737 kcal/mol        0.0238 kcal/(mol*A)
xmin  3790      -66.6753 kcal/mol        0.0291 kcal/(mol*A)
xmin  3800      -66.6771 kcal/mol        0.0447 kcal/(mol*A)
xmin  3810      -66.6785 kcal/mol        0.0297 kcal/(mol*A)
xmin  3820      -66.6804 kcal/mol        0.0371 kcal/(mol*A)
xmin  3830      -66.6817 kcal/mol        0.0465 kcal/(mol*A)
xmin  3840      -66.6833 kcal/mol        0.0391 kcal/(mol*A)
xmin  3850      -66.6847 kcal/mol        0.0306 kcal/(mol*A)
xmin  3860      -66.6863 kcal/mol        0.0385 kcal/(mol*A)
xmin  3870      -66.6879 kcal/mol        0.0678 kcal/(mol*A)
xmin  3880      -66.6899 kcal/mol        0.0366 kcal/(mol*A)
xmin  3890      -66.6916 kcal/mol        0.0378 kcal/(mol*A)
xmin  3900      -66.6935 kcal/mol        0.0406 kcal/(mol*A)
xmin  3910      -66.6951 kcal/mol        0.0482 kcal/(mol*A)
xmin  3920      -66.6969 kcal/mol        0.0402 kcal/(mol*A)
xmin  3930      -66.6988 kcal/mol        0.0504 kcal/(mol*A)
xmin  3940      -66.7006 kcal/mol        0.0326 kcal/(mol*A)
xmin  3950      -66.7023 kcal/mol        0.0568 kcal/(mol*A)
xmin  3960      -66.7039 kcal/mol        0.0942 kcal/(mol*A)
xmin  3970      -66.7058 kcal/mol        0.0585 kcal/(mol*A)
xmin  3980      -66.7076 kcal/mol        0.0450 kcal/(mol*A)
xmin  3990      -66.7092 kcal/mol        0.0404 kcal/(mol*A)
xmin  4000      -66.7106 kcal/mol        0.0458 kcal/(mol*A)
xmin  4010      -66.7120 kcal/mol        0.0354 kcal/(mol*A)
xmin  4020      -66.7132 kcal/mol        0.0366 kcal/(mol*A)
xmin  4030      -66.7149 kcal/mol        0.0476 kcal/(mol*A)
xmin  4040      -66.7162 kcal/mol        0.0398 kcal/(mol*A)
xmin  4050      -66.7176 kcal/mol        0.0515 kcal/(mol*A)
xmin  4060      -66.7192 kcal/mol        0.0492 kcal/(mol*A)
xmin  4070      -66.7207 kcal/mol        0.0540 kcal/(mol*A)
xmin  4080      -66.7221 kcal/mol        0.0477 kcal/(mol*A)
xmin  4090      -66.7235 kcal/mol        0.0672 kcal/(mol*A)
xmin  4100      -66.7248 kcal/mol        0.0495 kcal/(mol*A)
xmin  4110      -66.7262 kcal/mol        0.0710 kcal/(mol*A)
xmin  4120      -66.7275 kcal/mol        0.0518 kcal/(mol*A)
xmin  4130      -66.7291 kcal/mol        0.0619 kcal/(mol*A)
xmin  4140      -66.7304 kcal/mol        0.0786 kcal/(mol*A)
xmin  4150      -66.7317 kcal/mol        0.0535 kcal/(mol*A)
xmin  4160      -66.7330 kcal/mol        0.0811 kcal/(mol*A)
xmin  4170      -66.7344 kcal/mol        0.0542 kcal/(mol*A)
xmin  4180      -66.7357 kcal/mol        0.0835 kcal/(mol*A)
xmin  4190      -66.7370 kcal/mol        0.0549 kcal/(mol*A)
xmin  4200      -66.7382 kcal/mol        0.0859 kcal/(mol*A)
xmin  4210      -66.7395 kcal/mol        0.0555 kcal/(mol*A)
xmin  4220      -66.7408 kcal/mol        0.0878 kcal/(mol*A)
xmin  4230      -66.7420 kcal/mol        0.0565 kcal/(mol*A)
xmin  4240      -66.7434 kcal/mol        0.0685 kcal/(mol*A)
xmin  4250      -66.7447 kcal/mol        0.0815 kcal/(mol*A)
xmin  4260      -66.7459 kcal/mol        0.0669 kcal/(mol*A)
xmin  4270      -66.7471 kcal/mol        0.0821 kcal/(mol*A)
xmin  4280      -66.7483 kcal/mol        0.0676 kcal/(mol*A)
xmin  4290      -66.7496 kcal/mol        0.0834 kcal/(mol*A)
xmin  4300      -66.7508 kcal/mol        0.0683 kcal/(mol*A)
xmin  4310      -66.7520 kcal/mol        0.0847 kcal/(mol*A)
xmin  4320      -66.7532 kcal/mol        0.0689 kcal/(mol*A)
xmin  4330      -66.7543 kcal/mol        0.0860 kcal/(mol*A)
xmin  4340      -66.7556 kcal/mol        0.0816 kcal/(mol*A)
xmin  4350      -66.7568 kcal/mol        0.0707 kcal/(mol*A)
xmin  4360      -66.7580 kcal/mol        0.1006 kcal/(mol*A)
xmin  4370      -66.7592 kcal/mol        0.0638 kcal/(mol*A)
xmin  4380      -66.7603 kcal/mol        0.1000 kcal/(mol*A)
xmin  4390      -66.7615 kcal/mol        0.0644 kcal/(mol*A)
xmin  4400      -66.7626 kcal/mol        0.1009 kcal/(mol*A)
xmin  4410      -66.7638 kcal/mol        0.0932 kcal/(mol*A)
xmin  4420      -66.7650 kcal/mol        0.0724 kcal/(mol*A)
xmin  4430      -66.7661 kcal/mol        0.0938 kcal/(mol*A)
xmin  4440      -66.7674 kcal/mol        0.0602 kcal/(mol*A)
xmin  4450      -66.7685 kcal/mol        0.1031 kcal/(mol*A)
xmin  4460      -66.7696 kcal/mol        0.0663 kcal/(mol*A)
xmin  4470      -66.7707 kcal/mol        0.1041 kcal/(mol*A)
xmin  4480      -66.7718 kcal/mol        0.0669 kcal/(mol*A)
xmin  4490      -66.7729 kcal/mol        0.1053 kcal/(mol*A)
xmin  4500      -66.7740 kcal/mol        0.0674 kcal/(mol*A)
xmin  4510      -66.7751 kcal/mol        0.1063 kcal/(mol*A)
xmin  4520      -66.7762 kcal/mol        0.0679 kcal/(mol*A)
xmin  4530      -66.7772 kcal/mol        0.1073 kcal/(mol*A)
xmin  4540      -66.7783 kcal/mol        0.0683 kcal/(mol*A)
xmin  4550      -66.7794 kcal/mol        0.1022 kcal/(mol*A)
xmin  4560      -66.7805 kcal/mol        0.0688 kcal/(mol*A)
xmin  4570      -66.7815 kcal/mol        0.1089 kcal/(mol*A)
xmin  4580      -66.7826 kcal/mol        0.0689 kcal/(mol*A)
xmin  4590      -66.7836 kcal/mol        0.0761 kcal/(mol*A)
xmin  4600      -66.7847 kcal/mol        0.1019 kcal/(mol*A)
xmin  4610      -66.7857 kcal/mol        0.0747 kcal/(mol*A)
xmin  4620      -66.7868 kcal/mol        0.1066 kcal/(mol*A)
xmin  4630      -66.7878 kcal/mol        0.0707 kcal/(mol*A)
xmin  4640      -66.7888 kcal/mol        0.0810 kcal/(mol*A)
xmin  4650      -66.7899 kcal/mol        0.1047 kcal/(mol*A)
xmin  4660      -66.7909 kcal/mol        0.0754 kcal/(mol*A)
xmin  4670      -66.7919 kcal/mol        0.1045 kcal/(mol*A)
xmin  4680      -66.7929 kcal/mol        0.0753 kcal/(mol*A)
xmin  4690      -66.7939 kcal/mol        0.1048 kcal/(mol*A)
xmin  4700      -66.7949 kcal/mol        0.0753 kcal/(mol*A)
xmin  4710      -66.7959 kcal/mol        0.1052 kcal/(mol*A)
xmin  4720      -66.7969 kcal/mol        0.0753 kcal/(mol*A)
xmin  4730      -66.7982 kcal/mol        0.1218 kcal/(mol*A)
xmin  4740      -66.7999 kcal/mol        0.1248 kcal/(mol*A)
xmin  4750      -66.8018 kcal/mol        0.1101 kcal/(mol*A)
xmin  4760      -66.8034 kcal/mol        0.0820 kcal/(mol*A)
xmin  4770      -66.8050 kcal/mol        0.0517 kcal/(mol*A)
xmin  4780      -66.8075 kcal/mol        0.0627 kcal/(mol*A)
xmin  4790      -66.8090 kcal/mol        0.0663 kcal/(mol*A)
xmin  4800      -66.8104 kcal/mol        0.0550 kcal/(mol*A)
xmin  4810      -66.8117 kcal/mol        0.0484 kcal/(mol*A)
xmin  4820      -66.8132 kcal/mol        0.0693 kcal/(mol*A)
xmin  4830      -66.8146 kcal/mol        0.0924 kcal/(mol*A)
xmin  4840      -66.8165 kcal/mol        0.0469 kcal/(mol*A)
xmin  4850      -66.8177 kcal/mol        0.1119 kcal/(mol*A)
xmin  4860      -66.8190 kcal/mol        0.0636 kcal/(mol*A)
xmin  4870      -66.8203 kcal/mol        0.0724 kcal/(mol*A)
xmin  4880      -66.8218 kcal/mol        0.0428 kcal/(mol*A)
xmin  4890      -66.8229 kcal/mol        0.0512 kcal/(mol*A)
xmin  4900      -66.8240 kcal/mol        0.1096 kcal/(mol*A)
xmin  4910      -66.8251 kcal/mol        0.0502 kcal/(mol*A)
xmin  4920      -66.8263 kcal/mol        0.0455 kcal/(mol*A)
xmin  4930      -66.8273 kcal/mol        0.0830 kcal/(mol*A)
xmin  4940      -66.8285 kcal/mol        0.0616 kcal/(mol*A)
xmin  4950      -66.8297 kcal/mol        0.0337 kcal/(mol*A)
xmin  4960      -66.8308 kcal/mol        0.0352 kcal/(mol*A)
xmin  4970      -66.8318 kcal/mol        0.0378 kcal/(mol*A)
xmin  4980      -66.8328 kcal/mol        0.0345 kcal/(mol*A)
xmin  4990      -66.8338 kcal/mol        0.0441 kcal/(mol*A)
xmin  5000      -66.8350 kcal/mol        0.0526 kcal/(mol*A)
xmin  5010      -66.8359 kcal/mol        0.0331 kcal/(mol*A)
xmin  5020      -66.8370 kcal/mol        0.0626 kcal/(mol*A)
xmin  5030      -66.8381 kcal/mol        0.0716 kcal/(mol*A)
xmin  5040      -66.8391 kcal/mol        0.0449 kcal/(mol*A)
xmin  5050      -66.8402 kcal/mol        0.0455 kcal/(mol*A)
xmin  5060      -66.8412 kcal/mol        0.0704 kcal/(mol*A)
xmin  5070      -66.8423 kcal/mol        0.0338 kcal/(mol*A)
xmin  5080      -66.8433 kcal/mol        0.0397 kcal/(mol*A)
xmin  5090      -66.8441 kcal/mol        0.0324 kcal/(mol*A)
xmin  5100      -66.8451 kcal/mol        0.0385 kcal/(mol*A)
xmin  5110      -66.8462 kcal/mol        0.0437 kcal/(mol*A)
xmin  5120      -66.8474 kcal/mol        0.0422 kcal/(mol*A)
xmin  5130      -66.8483 kcal/mol        0.0573 kcal/(mol*A)
xmin  5140      -66.8495 kcal/mol        0.0491 kcal/(mol*A)
xmin  5150      -66.8505 kcal/mol        0.0319 kcal/(mol*A)
xmin  5160      -66.8515 kcal/mol        0.0426 kcal/(mol*A)
xmin  5170      -66.8523 kcal/mol        0.0307 kcal/(mol*A)
xmin  5180      -66.8532 kcal/mol        0.0364 kcal/(mol*A)
xmin  5190      -66.8542 kcal/mol        0.0508 kcal/(mol*A)
xmin  5200      -66.8552 kcal/mol        0.0671 kcal/(mol*A)
xmin  5210      -66.8560 kcal/mol        0.0283 kcal/(mol*A)
xmin  5220      -66.8571 kcal/mol        0.0340 kcal/(mol*A)
xmin  5230      -66.8581 kcal/mol        0.0624 kcal/(mol*A)
xmin  5240      -66.8589 kcal/mol        0.0503 kcal/(mol*A)
xmin  5250      -66.8598 kcal/mol        0.0466 kcal/(mol*A)
xmin  5260      -66.8608 kcal/mol        0.0287 kcal/(mol*A)
xmin  5270      -66.8615 kcal/mol        0.0410 kcal/(mol*A)
xmin  5280      -66.8624 kcal/mol        0.0302 kcal/(mol*A)
xmin  5290      -66.8633 kcal/mol        0.0524 kcal/(mol*A)
xmin  5300      -66.8642 kcal/mol        0.0385 kcal/(mol*A)
xmin  5310      -66.8652 kcal/mol        0.0444 kcal/(mol*A)
xmin  5320      -66.8662 kcal/mol        0.0299 kcal/(mol*A)
xmin  5330      -66.8669 kcal/mol        0.0383 kcal/(mol*A)
xmin  5340      -66.8679 kcal/mol        0.0325 kcal/(mol*A)
xmin  5350      -66.8686 kcal/mol        0.0405 kcal/(mol*A)
xmin  5360      -66.8695 kcal/mol        0.0297 kcal/(mol*A)
xmin  5370      -66.8703 kcal/mol        0.0461 kcal/(mol*A)
xmin  5380      -66.8712 kcal/mol        0.0318 kcal/(mol*A)
xmin  5390      -66.8721 kcal/mol        0.0320 kcal/(mol*A)
xmin  5400      -66.8730 kcal/mol        0.0391 kcal/(mol*A)
xmin  5410      -66.8738 kcal/mol        0.0383 kcal/(mol*A)
xmin  5420      -66.8746 kcal/mol        0.0379 kcal/(mol*A)
xmin  5430      -66.8754 kcal/mol        0.0532 kcal/(mol*A)
xmin  5440      -66.8763 kcal/mol        0.0408 kcal/(mol*A)
xmin  5450      -66.8771 kcal/mol        0.0281 kcal/(mol*A)
xmin  5460      -66.8779 kcal/mol        0.0296 kcal/(mol*A)
xmin  5470      -66.8788 kcal/mol        0.0294 kcal/(mol*A)
xmin  5480      -66.8797 kcal/mol        0.0427 kcal/(mol*A)
xmin  5490      -66.8805 kcal/mol        0.0697 kcal/(mol*A)
xmin  5500      -66.8813 kcal/mol        0.0309 kcal/(mol*A)
xmin  5510      -66.8822 kcal/mol        0.0344 kcal/(mol*A)
xmin  5520      -66.8829 kcal/mol        0.0581 kcal/(mol*A)
xmin  5530      -66.8836 kcal/mol        0.0279 kcal/(mol*A)
xmin  5540      -66.8845 kcal/mol        0.0478 kcal/(mol*A)
xmin  5550      -66.8852 kcal/mol        0.0297 kcal/(mol*A)
xmin  5560      -66.8860 kcal/mol        0.0489 kcal/(mol*A)
xmin  5570      -66.8869 kcal/mol        0.0454 kcal/(mol*A)
xmin  5580      -66.8877 kcal/mol        0.0413 kcal/(mol*A)
xmin  5590      -66.8884 kcal/mol        0.0576 kcal/(mol*A)
xmin  5600      -66.8891 kcal/mol        0.0279 kcal/(mol*A)
xmin  5610      -66.8899 kcal/mol        0.0447 kcal/(mol*A)
xmin  5620      -66.8907 kcal/mol        0.0397 kcal/(mol*A)
xmin  5630      -66.8915 kcal/mol        0.0297 kcal/(mol*A)
xmin  5640      -66.8923 kcal/mol        0.0558 kcal/(mol*A)
xmin  5650      -66.8929 kcal/mol        0.0260 kcal/(mol*A)
xmin  5660      -66.8937 kcal/mol        0.0524 kcal/(mol*A)
xmin  5670      -66.8944 kcal/mol        0.0410 kcal/(mol*A)
xmin  5680      -66.8952 kcal/mol        0.0281 kcal/(mol*A)
xmin  5690      -66.8960 kcal/mol        0.0319 kcal/(mol*A)
xmin  5700      -66.8968 kcal/mol        0.0393 kcal/(mol*A)
xmin  5710      -66.8975 kcal/mol        0.0324 kcal/(mol*A)
xmin  5720      -66.8982 kcal/mol        0.0410 kcal/(mol*A)
xmin  5730      -66.8989 kcal/mol        0.0391 kcal/(mol*A)
xmin  5740      -66.8997 kcal/mol        0.0372 kcal/(mol*A)
xmin  5750      -66.9003 kcal/mol        0.0391 kcal/(mol*A)
xmin  5760      -66.9012 kcal/mol        0.0429 kcal/(mol*A)
xmin  5770      -66.9020 kcal/mol        0.0311 kcal/(mol*A)
xmin  5780      -66.9026 kcal/mol        0.0280 kcal/(mol*A)
xmin  5790      -66.9033 kcal/mol        0.0469 kcal/(mol*A)
xmin  5800      -66.9041 kcal/mol        0.0384 kcal/(mol*A)
xmin  5810      -66.9048 kcal/mol        0.0427 kcal/(mol*A)
xmin  5820      -66.9056 kcal/mol        0.0583 kcal/(mol*A)
xmin  5830      -66.9063 kcal/mol        0.0322 kcal/(mol*A)
xmin  5840      -66.9070 kcal/mol        0.0278 kcal/(mol*A)
xmin  5850      -66.9077 kcal/mol        0.0286 kcal/(mol*A)
xmin  5860      -66.9084 kcal/mol        0.0397 kcal/(mol*A)
xmin  5870      -66.9092 kcal/mol        0.0404 kcal/(mol*A)
xmin  5880      -66.9100 kcal/mol        0.0301 kcal/(mol*A)
xmin  5890      -66.9107 kcal/mol        0.0454 kcal/(mol*A)
xmin  5900      -66.9114 kcal/mol        0.0402 kcal/(mol*A)
xmin  5910      -66.9122 kcal/mol        0.0437 kcal/(mol*A)
xmin  5920      -66.9129 kcal/mol        0.0314 kcal/(mol*A)
xmin  5930      -66.9136 kcal/mol        0.0306 kcal/(mol*A)
xmin  5940      -66.9143 kcal/mol        0.0607 kcal/(mol*A)
xmin  5950      -66.9151 kcal/mol        0.0431 kcal/(mol*A)
xmin  5960      -66.9157 kcal/mol        0.0412 kcal/(mol*A)
xmin  5970      -66.9164 kcal/mol        0.0278 kcal/(mol*A)
xmin  5980      -66.9171 kcal/mol        0.0320 kcal/(mol*A)
xmin  5990      -66.9178 kcal/mol        0.0305 kcal/(mol*A)
xmin  6000      -66.9185 kcal/mol        0.0507 kcal/(mol*A)
xmin  6010      -66.9191 kcal/mol        0.0436 kcal/(mol*A)
xmin  6020      -66.9197 kcal/mol        0.0465 kcal/(mol*A)
xmin  6030      -66.9203 kcal/mol        0.0415 kcal/(mol*A)
xmin  6040      -66.9211 kcal/mol        0.0421 kcal/(mol*A)
xmin  6050      -66.9218 kcal/mol        0.0322 kcal/(mol*A)
xmin  6060      -66.9225 kcal/mol        0.0306 kcal/(mol*A)
xmin  6070      -66.9231 kcal/mol        0.0484 kcal/(mol*A)
xmin  6080      -66.9237 kcal/mol        0.0397 kcal/(mol*A)
xmin  6090      -66.9244 kcal/mol        0.0348 kcal/(mol*A)
xmin  6100      -66.9250 kcal/mol        0.0326 kcal/(mol*A)
xmin  6110      -66.9257 kcal/mol        0.0451 kcal/(mol*A)
xmin  6120      -66.9263 kcal/mol        0.0327 kcal/(mol*A)
xmin  6130      -66.9270 kcal/mol        0.0373 kcal/(mol*A)
xmin  6140      -66.9276 kcal/mol        0.0541 kcal/(mol*A)
xmin  6150      -66.9282 kcal/mol        0.0324 kcal/(mol*A)
xmin  6160      -66.9289 kcal/mol        0.0372 kcal/(mol*A)
xmin  6170      -66.9296 kcal/mol        0.0286 kcal/(mol*A)
xmin  6180      -66.9302 kcal/mol        0.0317 kcal/(mol*A)
xmin  6190      -66.9309 kcal/mol        0.0367 kcal/(mol*A)
xmin  6200      -66.9315 kcal/mol        0.0521 kcal/(mol*A)
xmin  6210      -66.9321 kcal/mol        0.0339 kcal/(mol*A)
xmin  6220      -66.9328 kcal/mol        0.0366 kcal/(mol*A)
xmin  6230      -66.9334 kcal/mol        0.0373 kcal/(mol*A)
xmin  6240      -66.9340 kcal/mol        0.0419 kcal/(mol*A)
xmin  6250      -66.9347 kcal/mol        0.0417 kcal/(mol*A)
xmin  6260      -66.9352 kcal/mol        0.0323 kcal/(mol*A)
xmin  6270      -66.9358 kcal/mol        0.0333 kcal/(mol*A)
xmin  6280      -66.9364 kcal/mol        0.0335 kcal/(mol*A)
xmin  6290      -66.9370 kcal/mol        0.0309 kcal/(mol*A)
xmin  6300      -66.9376 kcal/mol        0.0441 kcal/(mol*A)
xmin  6310      -66.9382 kcal/mol        0.0411 kcal/(mol*A)
xmin  6320      -66.9388 kcal/mol        0.0282 kcal/(mol*A)
xmin  6330      -66.9393 kcal/mol        0.0304 kcal/(mol*A)
xmin  6340      -66.9399 kcal/mol        0.0478 kcal/(mol*A)
xmin  6350      -66.9405 kcal/mol        0.0416 kcal/(mol*A)
xmin  6360      -66.9412 kcal/mol        0.0457 kcal/(mol*A)
xmin  6370      -66.9418 kcal/mol        0.0368 kcal/(mol*A)
xmin  6380      -66.9423 kcal/mol        0.0732 kcal/(mol*A)
xmin  6390      -66.9429 kcal/mol        0.0432 kcal/(mol*A)
xmin  6400      -66.9435 kcal/mol        0.0444 kcal/(mol*A)
xmin  6410      -66.9442 kcal/mol        0.0314 kcal/(mol*A)
xmin  6420      -66.9448 kcal/mol        0.0440 kcal/(mol*A)
xmin  6430      -66.9454 kcal/mol        0.0311 kcal/(mol*A)
xmin  6440      -66.9461 kcal/mol        0.0402 kcal/(mol*A)
xmin  6450      -66.9466 kcal/mol        0.0315 kcal/(mol*A)
xmin  6460      -66.9472 kcal/mol        0.0346 kcal/(mol*A)
xmin  6470      -66.9478 kcal/mol        0.0423 kcal/(mol*A)
xmin  6480      -66.9484 kcal/mol        0.0289 kcal/(mol*A)
xmin  6490      -66.9489 kcal/mol        0.0425 kcal/(mol*A)
xmin  6500      -66.9494 kcal/mol        0.0427 kcal/(mol*A)
xmin  6510      -66.9500 kcal/mol        0.0290 kcal/(mol*A)
xmin  6520      -66.9505 kcal/mol        0.0535 kcal/(mol*A)
xmin  6530      -66.9511 kcal/mol        0.0385 kcal/(mol*A)
xmin  6540      -66.9517 kcal/mol        0.0410 kcal/(mol*A)
xmin  6550      -66.9523 kcal/mol        0.0430 kcal/(mol*A)
xmin  6560      -66.9528 kcal/mol        0.0408 kcal/(mol*A)
xmin  6570      -66.9534 kcal/mol        0.0481 kcal/(mol*A)
xmin  6580      -66.9539 kcal/mol        0.0509 kcal/(mol*A)
xmin  6590      -66.9545 kcal/mol        0.0425 kcal/(mol*A)
xmin  6600      -66.9550 kcal/mol        0.0332 kcal/(mol*A)
xmin  6610      -66.9556 kcal/mol        0.0400 kcal/(mol*A)
xmin  6620      -66.9561 kcal/mol        0.0407 kcal/(mol*A)
xmin  6630      -66.9566 kcal/mol        0.0592 kcal/(mol*A)
xmin  6640      -66.9572 kcal/mol        0.0417 kcal/(mol*A)
xmin  6650      -66.9577 kcal/mol        0.0439 kcal/(mol*A)
xmin  6660      -66.9583 kcal/mol        0.0343 kcal/(mol*A)
xmin  6670      -66.9589 kcal/mol        0.0457 kcal/(mol*A)
xmin  6680      -66.9595 kcal/mol        0.0365 kcal/(mol*A)
xmin  6690      -66.9600 kcal/mol        0.0378 kcal/(mol*A)
xmin  6700      -66.9605 kcal/mol        0.0469 kcal/(mol*A)
xmin  6710      -66.9612 kcal/mol        0.0347 kcal/(mol*A)
xmin  6720      -66.9619 kcal/mol        0.0721 kcal/(mol*A)
xmin  6730      -66.9627 kcal/mol        0.0307 kcal/(mol*A)
xmin  6740      -66.9633 kcal/mol        0.0309 kcal/(mol*A)
xmin  6750      -66.9640 kcal/mol        0.0335 kcal/(mol*A)
xmin  6760      -66.9645 kcal/mol        0.0324 kcal/(mol*A)
xmin  6770      -66.9651 kcal/mol        0.0336 kcal/(mol*A)
xmin  6780      -66.9657 kcal/mol        0.0338 kcal/(mol*A)
xmin  6790      -66.9663 kcal/mol        0.0359 kcal/(mol*A)
xmin  6800      -66.9668 kcal/mol        0.0322 kcal/(mol*A)
xmin  6810      -66.9674 kcal/mol        0.0340 kcal/(mol*A)
xmin  6820      -66.9679 kcal/mol        0.0499 kcal/(mol*A)
xmin  6830      -66.9686 kcal/mol        0.0297 kcal/(mol*A)
xmin  6840      -66.9692 kcal/mol        0.0394 kcal/(mol*A)
xmin  6850      -66.9697 kcal/mol        0.0408 kcal/(mol*A)
xmin  6860      -66.9702 kcal/mol        0.0346 kcal/(mol*A)
xmin  6870      -66.9709 kcal/mol        0.0398 kcal/(mol*A)
xmin  6880      -66.9714 kcal/mol        0.0500 kcal/(mol*A)
xmin  6890      -66.9719 kcal/mol        0.0448 kcal/(mol*A)
xmin  6900      -66.9725 kcal/mol        0.0344 kcal/(mol*A)
xmin  6910      -66.9731 kcal/mol        0.0378 kcal/(mol*A)
xmin  6920      -66.9736 kcal/mol        0.0450 kcal/(mol*A)
xmin  6930      -66.9742 kcal/mol        0.0281 kcal/(mol*A)
xmin  6940      -66.9748 kcal/mol        0.0434 kcal/(mol*A)
xmin  6950      -66.9754 kcal/mol        0.0535 kcal/(mol*A)
xmin  6960      -66.9758 kcal/mol        0.0454 kcal/(mol*A)
xmin  6970      -66.9763 kcal/mol        0.0371 kcal/(mol*A)
xmin  6980      -66.9769 kcal/mol        0.0338 kcal/(mol*A)
xmin  6990      -66.9775 kcal/mol        0.0470 kcal/(mol*A)
xmin  7000      -66.9780 kcal/mol        0.0570 kcal/(mol*A)
xmin  7010      -66.9785 kcal/mol        0.0388 kcal/(mol*A)
xmin  7020      -66.9791 kcal/mol        0.0422 kcal/(mol*A)
xmin  7030      -66.9796 kcal/mol        0.0467 kcal/(mol*A)
xmin  7040      -66.9801 kcal/mol        0.0375 kcal/(mol*A)
xmin  7050      -66.9807 kcal/mol        0.0356 kcal/(mol*A)
xmin  7060      -66.9812 kcal/mol        0.0333 kcal/(mol*A)
xmin  7070      -66.9817 kcal/mol        0.0369 kcal/(mol*A)
xmin  7080      -66.9822 kcal/mol        0.0435 kcal/(mol*A)
xmin  7090      -66.9827 kcal/mol        0.0294 kcal/(mol*A)
xmin  7100      -66.9834 kcal/mol        0.0275 kcal/(mol*A)
xmin  7110      -66.9839 kcal/mol        0.0348 kcal/(mol*A)
xmin  7120      -66.9844 kcal/mol        0.0385 kcal/(mol*A)
xmin  7130      -66.9849 kcal/mol        0.0492 kcal/(mol*A)
xmin  7140      -66.9855 kcal/mol        0.0437 kcal/(mol*A)
xmin  7150      -66.9861 kcal/mol        0.0308 kcal/(mol*A)
xmin  7160      -66.9867 kcal/mol        0.0358 kcal/(mol*A)
xmin  7170      -66.9871 kcal/mol        0.0431 kcal/(mol*A)
xmin  7180      -66.9877 kcal/mol        0.0563 kcal/(mol*A)
xmin  7190      -66.9883 kcal/mol        0.0363 kcal/(mol*A)
xmin  7200      -66.9888 kcal/mol        0.0388 kcal/(mol*A)
xmin  7210      -66.9894 kcal/mol        0.0421 kcal/(mol*A)
xmin  7220      -66.9900 kcal/mol        0.0466 kcal/(mol*A)
xmin  7230      -66.9905 kcal/mol        0.0442 kcal/(mol*A)
xmin  7240      -66.9910 kcal/mol        0.0351 kcal/(mol*A)
xmin  7250      -66.9914 kcal/mol        0.0458 kcal/(mol*A)
xmin  7260      -66.9919 kcal/mol        0.0386 kcal/(mol*A)
xmin  7270      -66.9925 kcal/mol        0.0417 kcal/(mol*A)
xmin  7280      -66.9931 kcal/mol        0.0264 kcal/(mol*A)
xmin  7290      -66.9939 kcal/mol        0.0705 kcal/(mol*A)
xmin  7300      -66.9949 kcal/mol        0.0229 kcal/(mol*A)
xmin  7310      -66.9955 kcal/mol        0.0223 kcal/(mol*A)
xmin  7320      -66.9964 kcal/mol        0.1014 kcal/(mol*A)
xmin  7330      -66.9969 kcal/mol        0.0413 kcal/(mol*A)
xmin  7340      -66.9974 kcal/mol        0.0287 kcal/(mol*A)
xmin  7350      -66.9979 kcal/mol        0.0384 kcal/(mol*A)
xmin  7360      -66.9985 kcal/mol        0.0449 kcal/(mol*A)
xmin  7370      -66.9989 kcal/mol        0.0244 kcal/(mol*A)
xmin  7380      -66.9994 kcal/mol        0.0582 kcal/(mol*A)
xmin  7390      -66.9999 kcal/mol        0.0210 kcal/(mol*A)
xmin  7400      -67.0003 kcal/mol        0.0257 kcal/(mol*A)
xmin  7410      -67.0008 kcal/mol        0.0289 kcal/(mol*A)
xmin  7420      -67.0013 kcal/mol        0.0354 kcal/(mol*A)
xmin  7430      -67.0018 kcal/mol        0.0338 kcal/(mol*A)
xmin  7440      -67.0022 kcal/mol        0.0344 kcal/(mol*A)
xmin  7450      -67.0027 kcal/mol        0.0270 kcal/(mol*A)
xmin  7460      -67.0032 kcal/mol        0.0306 kcal/(mol*A)
xmin  7470      -67.0037 kcal/mol        0.0334 kcal/(mol*A)
xmin  7480      -67.0042 kcal/mol        0.0420 kcal/(mol*A)
xmin  7490      -67.0047 kcal/mol        0.0532 kcal/(mol*A)
xmin  7500      -67.0052 kcal/mol        0.0421 kcal/(mol*A)
xmin  7510      -67.0056 kcal/mol        0.0348 kcal/(mol*A)
xmin  7520      -67.0061 kcal/mol        0.0324 kcal/(mol*A)
xmin  7530      -67.0065 kcal/mol        0.0330 kcal/(mol*A)
xmin  7540      -67.0068 kcal/mol        0.0246 kcal/(mol*A)
xmin  7550      -67.0074 kcal/mol        0.0323 kcal/(mol*A)
xmin  7560      -67.0079 kcal/mol        0.0298 kcal/(mol*A)
xmin  7570      -67.0084 kcal/mol        0.0511 kcal/(mol*A)
xmin  7580      -67.0090 kcal/mol        0.0294 kcal/(mol*A)
xmin  7590      -67.0095 kcal/mol        0.0215 kcal/(mol*A)
xmin  7600      -67.0100 kcal/mol        0.0289 kcal/(mol*A)
xmin  7610      -67.0104 kcal/mol        0.0533 kcal/(mol*A)
xmin  7620      -67.0109 kcal/mol        0.0367 kcal/(mol*A)
xmin  7630      -67.0113 kcal/mol        0.0444 kcal/(mol*A)
xmin  7640      -67.0117 kcal/mol        0.0345 kcal/(mol*A)
xmin  7650      -67.0121 kcal/mol        0.0359 kcal/(mol*A)
xmin  7660      -67.0125 kcal/mol        0.0254 kcal/(mol*A)
xmin  7670      -67.0130 kcal/mol        0.0634 kcal/(mol*A)
xmin  7680      -67.0136 kcal/mol        0.0404 kcal/(mol*A)
xmin  7690      -67.0140 kcal/mol        0.0568 kcal/(mol*A)
xmin  7700      -67.0145 kcal/mol        0.0438 kcal/(mol*A)
xmin  7710      -67.0150 kcal/mol        0.0404 kcal/(mol*A)
xmin  7720      -67.0156 kcal/mol        0.0356 kcal/(mol*A)
xmin  7730      -67.0161 kcal/mol        0.0432 kcal/(mol*A)
xmin  7740      -67.0166 kcal/mol        0.0627 kcal/(mol*A)
xmin  7750      -67.0171 kcal/mol        0.0402 kcal/(mol*A)
xmin  7760      -67.0176 kcal/mol        0.0389 kcal/(mol*A)
xmin  7770      -67.0182 kcal/mol        0.0420 kcal/(mol*A)
xmin  7780      -67.0187 kcal/mol        0.0490 kcal/(mol*A)
xmin  7790      -67.0192 kcal/mol        0.0417 kcal/(mol*A)
xmin  7800      -67.0198 kcal/mol        0.0596 kcal/(mol*A)
xmin  7810      -67.0202 kcal/mol        0.0310 kcal/(mol*A)
xmin  7820      -67.0206 kcal/mol        0.0340 kcal/(mol*A)
xmin  7830      -67.0212 kcal/mol        0.0366 kcal/(mol*A)
xmin  7840      -67.0217 kcal/mol        0.0605 kcal/(mol*A)
xmin  7850      -67.0222 kcal/mol        0.0634 kcal/(mol*A)
xmin  7860      -67.0227 kcal/mol        0.0435 kcal/(mol*A)
xmin  7870      -67.0232 kcal/mol        0.0622 kcal/(mol*A)
xmin  7880      -67.0238 kcal/mol        0.0432 kcal/(mol*A)
xmin  7890      -67.0242 kcal/mol        0.0389 kcal/(mol*A)
xmin  7900      -67.0247 kcal/mol        0.0376 kcal/(mol*A)
xmin  7910      -67.0252 kcal/mol        0.0326 kcal/(mol*A)
xmin  7920      -67.0257 kcal/mol        0.0253 kcal/(mol*A)
xmin  7930      -67.0262 kcal/mol        0.0241 kcal/(mol*A)
xmin  7940      -67.0265 kcal/mol        0.0408 kcal/(mol*A)
xmin  7950      -67.0270 kcal/mol        0.0197 kcal/(mol*A)
xmin  7960      -67.0274 kcal/mol        0.0330 kcal/(mol*A)
xmin  7970      -67.0278 kcal/mol        0.0211 kcal/(mol*A)
xmin  7980      -67.0282 kcal/mol        0.0247 kcal/(mol*A)
xmin  7990      -67.0286 kcal/mol        0.0207 kcal/(mol*A)
xmin  8000      -67.0290 kcal/mol        0.0266 kcal/(mol*A)
xmin  8010      -67.0294 kcal/mol        0.0192 kcal/(mol*A)
xmin  8020      -67.0298 kcal/mol        0.0310 kcal/(mol*A)
xmin  8030      -67.0302 kcal/mol        0.0161 kcal/(mol*A)
xmin  8040      -67.0307 kcal/mol        0.0245 kcal/(mol*A)
xmin  8050      -67.0310 kcal/mol        0.0210 kcal/(mol*A)
xmin  8060      -67.0314 kcal/mol        0.0251 kcal/(mol*A)
xmin  8070      -67.0318 kcal/mol        0.0206 kcal/(mol*A)
xmin  8080      -67.0322 kcal/mol        0.0223 kcal/(mol*A)
xmin  8090      -67.0325 kcal/mol        0.0372 kcal/(mol*A)
xmin  8100      -67.0329 kcal/mol        0.0181 kcal/(mol*A)
xmin  8110      -67.0333 kcal/mol        0.0255 kcal/(mol*A)
xmin  8120      -67.0337 kcal/mol        0.0177 kcal/(mol*A)
xmin  8130      -67.0340 kcal/mol        0.0285 kcal/(mol*A)
xmin  8140      -67.0344 kcal/mol        0.0158 kcal/(mol*A)
xmin  8150      -67.0348 kcal/mol        0.0227 kcal/(mol*A)
xmin  8160      -67.0352 kcal/mol        0.0213 kcal/(mol*A)
xmin  8170      -67.0355 kcal/mol        0.0199 kcal/(mol*A)
xmin  8180      -67.0359 kcal/mol        0.0230 kcal/(mol*A)
xmin  8190      -67.0362 kcal/mol        0.0191 kcal/(mol*A)
xmin  8200      -67.0366 kcal/mol        0.0245 kcal/(mol*A)
xmin  8210      -67.0369 kcal/mol        0.0180 kcal/(mol*A)
xmin  8220      -67.0373 kcal/mol        0.0266 kcal/(mol*A)
xmin  8230      -67.0376 kcal/mol        0.0163 kcal/(mol*A)
xmin  8240      -67.0380 kcal/mol        0.0537 kcal/(mol*A)
xmin  8250      -67.0386 kcal/mol        0.0250 kcal/(mol*A)
xmin  8260      -67.0391 kcal/mol        0.0209 kcal/(mol*A)
xmin  8270      -67.0395 kcal/mol        0.0183 kcal/(mol*A)
xmin  8280      -67.0400 kcal/mol        0.0296 kcal/(mol*A)
xmin  8290      -67.0404 kcal/mol        0.0303 kcal/(mol*A)
xmin  8300      -67.0408 kcal/mol        0.0290 kcal/(mol*A)
xmin  8310      -67.0410 kcal/mol        0.0842 kcal/(mol*A)
xmin  8320      -67.0415 kcal/mol        0.0282 kcal/(mol*A)
xmin  8330      -67.0419 kcal/mol        0.0202 kcal/(mol*A)
xmin  8340      -67.0423 kcal/mol        0.0281 kcal/(mol*A)
xmin  8350      -67.0431 kcal/mol        0.0968 kcal/(mol*A)
xmin  8360      -67.0438 kcal/mol        0.0232 kcal/(mol*A)
xmin  8370      -67.0443 kcal/mol        0.0314 kcal/(mol*A)
xmin  8380      -67.0447 kcal/mol        0.0276 kcal/(mol*A)
xmin  8390      -67.0453 kcal/mol        0.0237 kcal/(mol*A)
xmin  8400      -67.0458 kcal/mol        0.0215 kcal/(mol*A)
xmin  8410      -67.0462 kcal/mol        0.0262 kcal/(mol*A)
xmin  8420      -67.0466 kcal/mol        0.0249 kcal/(mol*A)
xmin  8430      -67.0470 kcal/mol        0.0306 kcal/(mol*A)
xmin  8440      -67.0473 kcal/mol        0.0192 kcal/(mol*A)
xmin  8450      -67.0477 kcal/mol        0.0198 kcal/(mol*A)
xmin  8460      -67.0479 kcal/mol        0.0738 kcal/(mol*A)
xmin  8470      -67.0485 kcal/mol        0.0308 kcal/(mol*A)
xmin  8480      -67.0490 kcal/mol        0.0224 kcal/(mol*A)
xmin  8490      -67.0494 kcal/mol        0.0232 kcal/(mol*A)
xmin  8500      -67.0498 kcal/mol        0.0195 kcal/(mol*A)
xmin  8510      -67.0501 kcal/mol        0.0235 kcal/(mol*A)
xmin  8520      -67.0505 kcal/mol        0.0236 kcal/(mol*A)
xmin  8530      -67.0508 kcal/mol        0.0296 kcal/(mol*A)
xmin  8540      -67.0512 kcal/mol        0.0448 kcal/(mol*A)
xmin  8550      -67.0516 kcal/mol        0.0389 kcal/(mol*A)
xmin  8560      -67.0520 kcal/mol        0.0406 kcal/(mol*A)
xmin  8570      -67.0523 kcal/mol        0.0247 kcal/(mol*A)
xmin  8580      -67.0527 kcal/mol        0.0267 kcal/(mol*A)
xmin  8590      -67.0529 kcal/mol        0.0197 kcal/(mol*A)
xmin  8600      -67.0533 kcal/mol        0.0233 kcal/(mol*A)
xmin  8610      -67.0536 kcal/mol        0.0198 kcal/(mol*A)
xmin  8620      -67.0538 kcal/mol        0.0213 kcal/(mol*A)
xmin  8630      -67.0540 kcal/mol        0.0135 kcal/(mol*A)
xmin  8640      -67.0543 kcal/mol        0.0190 kcal/(mol*A)
xmin  8650      -67.0545 kcal/mol        0.0152 kcal/(mol*A)
xmin  8660      -67.0547 kcal/mol        0.0160 kcal/(mol*A)
xmin  8670      -67.0550 kcal/mol        0.0178 kcal/(mol*A)
xmin  8680      -67.0551 kcal/mol        0.0200 kcal/(mol*A)
xmin  8690      -67.0554 kcal/mol        0.0175 kcal/(mol*A)
xmin  8700      -67.0555 kcal/mol        0.0124 kcal/(mol*A)
xmin  8710      -67.0558 kcal/mol        0.0204 kcal/(mol*A)
xmin  8720      -67.0560 kcal/mol        0.0319 kcal/(mol*A)
xmin  8730      -67.0563 kcal/mol        0.0189 kcal/(mol*A)
xmin  8740      -67.0565 kcal/mol        0.0156 kcal/(mol*A)
xmin  8750      -67.0568 kcal/mol        0.0397 kcal/(mol*A)
xmin  8760      -67.0570 kcal/mol        0.0321 kcal/(mol*A)
xmin  8770      -67.0573 kcal/mol        0.0284 kcal/(mol*A)
xmin  8780      -67.0575 kcal/mol        0.0245 kcal/(mol*A)
xmin  8790      -67.0578 kcal/mol        0.0231 kcal/(mol*A)
xmin  8800      -67.0580 kcal/mol        0.0218 kcal/(mol*A)
xmin  8810      -67.0582 kcal/mol        0.0276 kcal/(mol*A)
xmin  8820      -67.0584 kcal/mol        0.0121 kcal/(mol*A)
xmin  8830      -67.0586 kcal/mol        0.0105 kcal/(mol*A)
xmin  8840      -67.0588 kcal/mol        0.0106 kcal/(mol*A)
xmin  8850      -67.0590 kcal/mol        0.0104 kcal/(mol*A)
xmin  8860      -67.0598 kcal/mol        0.0247 kcal/(mol*A)
xmin  8870      -67.0601 kcal/mol        0.0153 kcal/(mol*A)
xmin  8880      -67.0603 kcal/mol        0.0144 kcal/(mol*A)
xmin  8890      -67.0605 kcal/mol        0.0135 kcal/(mol*A)
xmin  8900      -67.0607 kcal/mol        0.0143 kcal/(mol*A)
xmin  8910      -67.0610 kcal/mol        0.0135 kcal/(mol*A)
xmin  8920      -67.0611 kcal/mol        0.0170 kcal/(mol*A)
xmin  8930      -67.0613 kcal/mol        0.0131 kcal/(mol*A)
xmin  8940      -67.0614 kcal/mol        0.0129 kcal/(mol*A)
xmin  8950      -67.0615 kcal/mol        0.0125 kcal/(mol*A)
xmin  8960      -67.0616 kcal/mol        0.0124 kcal/(mol*A)
xmin  8970      -67.0617 kcal/mol        0.0128 kcal/(mol*A)
xmin  8980      -67.0618 kcal/mol        0.0103 kcal/(mol*A)
xmin  8990      -67.0620 kcal/mol        0.0166 kcal/(mol*A)
xmin  9000      -67.0622 kcal/mol        0.0143 kcal/(mol*A)
xmin  9010      -67.0623 kcal/mol        0.0205 kcal/(mol*A)
xmin  9020      -67.0625 kcal/mol        0.0223 kcal/(mol*A)
xmin  9030      -67.0626 kcal/mol        0.0103 kcal/(mol*A)
xmin  9040      -67.0628 kcal/mol        0.0105 kcal/(mol*A)
xmin  9050      -67.0630 kcal/mol        0.0095 kcal/(mol*A)
xmin  9060      -67.0631 kcal/mol        0.0167 kcal/(mol*A)
xmin  9070      -67.0632 kcal/mol        0.0121 kcal/(mol*A)
xmin  9080      -67.0634 kcal/mol        0.0185 kcal/(mol*A)
xmin  9090      -67.0635 kcal/mol        0.0095 kcal/(mol*A)
xmin  9100      -67.0637 kcal/mol        0.0101 kcal/(mol*A)
xmin  9110      -67.0639 kcal/mol        0.0208 kcal/(mol*A)
xmin  9120      -67.0640 kcal/mol        0.0144 kcal/(mol*A)
xmin  9130      -67.0641 kcal/mol        0.0199 kcal/(mol*A)
xmin  9140      -67.0643 kcal/mol        0.0092 kcal/(mol*A)
xmin  9150      -67.0644 kcal/mol        0.0176 kcal/(mol*A)
xmin  9160      -67.0645 kcal/mol        0.0115 kcal/(mol*A)
xmin  9170      -67.0646 kcal/mol        0.0114 kcal/(mol*A)
xmin  9180      -67.0648 kcal/mol        0.0117 kcal/(mol*A)
xmin  9190      -67.0650 kcal/mol        0.0162 kcal/(mol*A)
xmin  9200      -67.0651 kcal/mol        0.0098 kcal/(mol*A)
xmin  9210      -67.0653 kcal/mol        0.0127 kcal/(mol*A)
xmin  9220      -67.0654 kcal/mol        0.0116 kcal/(mol*A)
xmin  9230      -67.0655 kcal/mol        0.0115 kcal/(mol*A)
xmin  9240      -67.0656 kcal/mol        0.0103 kcal/(mol*A)
xmin  9250      -67.0657 kcal/mol        0.0144 kcal/(mol*A)
xmin  9260      -67.0658 kcal/mol        0.0177 kcal/(mol*A)
xmin  9270      -67.0659 kcal/mol        0.0188 kcal/(mol*A)
xmin  9280      -67.0661 kcal/mol        0.0161 kcal/(mol*A)
xmin  9290      -67.0662 kcal/mol        0.0211 kcal/(mol*A)
xmin  9300      -67.0663 kcal/mol        0.0143 kcal/(mol*A)
xmin  9310      -67.0664 kcal/mol        0.0162 kcal/(mol*A)
xmin  9320      -67.0666 kcal/mol        0.0175 kcal/(mol*A)
xmin  9330      -67.0667 kcal/mol        0.0136 kcal/(mol*A)
xmin  9340      -67.0669 kcal/mol        0.0099 kcal/(mol*A)
xmin  9350      -67.0670 kcal/mol        0.0116 kcal/(mol*A)
xmin  9360      -67.0671 kcal/mol        0.0102 kcal/(mol*A)
xmin  9370      -67.0673 kcal/mol        0.0116 kcal/(mol*A)
xmin  9380      -67.0674 kcal/mol        0.0118 kcal/(mol*A)
xmin  9390      -67.0675 kcal/mol        0.0168 kcal/(mol*A)
xmin  9400      -67.0676 kcal/mol        0.0137 kcal/(mol*A)
xmin  9410      -67.0677 kcal/mol        0.0099 kcal/(mol*A)
xmin  9420      -67.0679 kcal/mol        0.0119 kcal/(mol*A)
xmin  9430      -67.0680 kcal/mol        0.0102 kcal/(mol*A)
xmin  9440      -67.0681 kcal/mol        0.0108 kcal/(mol*A)
xmin  9450      -67.0683 kcal/mol        0.0098 kcal/(mol*A)
xmin  9460      -67.0684 kcal/mol        0.0195 kcal/(mol*A)
xmin  9470      -67.0686 kcal/mol        0.0099 kcal/(mol*A)
xmin  9480      -67.0687 kcal/mol        0.0124 kcal/(mol*A)
xmin  9490      -67.0688 kcal/mol        0.0120 kcal/(mol*A)
xmin  9500      -67.0689 kcal/mol        0.0115 kcal/(mol*A)
xmin  9510      -67.0690 kcal/mol        0.0118 kcal/(mol*A)
xmin  9520      -67.0691 kcal/mol        0.0190 kcal/(mol*A)
xmin  9530      -67.0693 kcal/mol        0.0118 kcal/(mol*A)
xmin  9540      -67.0694 kcal/mol        0.0138 kcal/(mol*A)
xmin  9550      -67.0695 kcal/mol        0.0121 kcal/(mol*A)
xmin  9560      -67.0696 kcal/mol        0.0124 kcal/(mol*A)
xmin  9570      -67.0697 kcal/mol        0.0128 kcal/(mol*A)
xmin  9580      -67.0699 kcal/mol        0.0170 kcal/(mol*A)
xmin  9590      -67.0700 kcal/mol        0.0273 kcal/(mol*A)
xmin  9600      -67.0701 kcal/mol        0.0140 kcal/(mol*A)
xmin  9610      -67.0703 kcal/mol        0.0116 kcal/(mol*A)
xmin  9620      -67.0704 kcal/mol        0.0174 kcal/(mol*A)
xmin  9630      -67.0705 kcal/mol        0.0122 kcal/(mol*A)
xmin  9640      -67.0707 kcal/mol        0.0152 kcal/(mol*A)
xmin  9650      -67.0708 kcal/mol        0.0144 kcal/(mol*A)
xmin  9660      -67.0710 kcal/mol        0.0121 kcal/(mol*A)
xmin  9670      -67.0711 kcal/mol        0.0138 kcal/(mol*A)
xmin  9680      -67.0713 kcal/mol        0.0157 kcal/(mol*A)
xmin  9690      -67.0714 kcal/mol        0.0382 kcal/(mol*A)
xmin  9700      -67.0716 kcal/mol        0.0207 kcal/(mol*A)
xmin  9710      -67.0717 kcal/mol        0.0110 kcal/(mol*A)
xmin  9720      -67.0719 kcal/mol        0.0118 kcal/(mol*A)
xmin  9730      -67.0720 kcal/mol        0.0106 kcal/(mol*A)
xmin  9740      -67.0721 kcal/mol        0.0108 kcal/(mol*A)
xmin  9750      -67.0722 kcal/mol        0.0115 kcal/(mol*A)
xmin  9760      -67.0723 kcal/mol        0.0114 kcal/(mol*A)
xmin  9770      -67.0724 kcal/mol        0.0117 kcal/(mol*A)
xmin  9780      -67.0726 kcal/mol        0.0209 kcal/(mol*A)
xmin  9790      -67.0726 kcal/mol        0.0146 kcal/(mol*A)
xmin  9800      -67.0728 kcal/mol        0.0179 kcal/(mol*A)
xmin  9810      -67.0729 kcal/mol        0.0143 kcal/(mol*A)
xmin  9820      -67.0730 kcal/mol        0.0123 kcal/(mol*A)
xmin  9830      -67.0731 kcal/mol        0.0123 kcal/(mol*A)
xmin  9840      -67.0731 kcal/mol        0.0123 kcal/(mol*A)
xmin  9850      -67.0732 kcal/mol        0.0123 kcal/(mol*A)
xmin  9860      -67.0733 kcal/mol        0.0128 kcal/(mol*A)
xmin  9870      -67.0734 kcal/mol        0.0189 kcal/(mol*A)
xmin  9880      -67.0735 kcal/mol        0.0112 kcal/(mol*A)
xmin  9890      -67.0737 kcal/mol        0.0131 kcal/(mol*A)
xmin  9900      -67.0738 kcal/mol        0.0128 kcal/(mol*A)
xmin  9910      -67.0739 kcal/mol        0.0107 kcal/(mol*A)
xmin  9920      -67.0740 kcal/mol        0.0125 kcal/(mol*A)
xmin  9930      -67.0741 kcal/mol        0.0126 kcal/(mol*A)
xmin  9940      -67.0742 kcal/mol        0.0128 kcal/(mol*A)
xmin  9950      -67.0743 kcal/mol        0.0118 kcal/(mol*A)
xmin  9960      -67.0745 kcal/mol        0.0291 kcal/(mol*A)
xmin  9970      -67.0747 kcal/mol        0.0261 kcal/(mol*A)
xmin  9980      -67.0748 kcal/mol        0.0216 kcal/(mol*A)
xmin  9990      -67.0749 kcal/mol        0.0129 kcal/(mol*A)
  ... geometry converged !
 
 Final MO eigenvalues (eV):
 -32.7693  -31.4035  -28.6567  -28.2375  -22.6624  -18.1661  -15.1061  -14.8860
 -13.6884  -11.3221  -10.7281  -10.4221   -9.6680   -9.1016   -8.3207   -7.7829
  -7.2422   -6.9107   -6.8032   -5.9352   -5.8159   -5.0466   -4.9590   -2.1191
  -0.1571    7.3959    7.8950    8.3904    8.8580    9.2116    9.2342    9.5281
   9.5972    9.7502   10.3747   10.4249   10.6776   10.7993   12.4899   12.8011
  12.8808   13.0930   14.3868

 Heat of formation   =        -67.07506853 kcal/mol  (       -2.90859323 eV)

 Total SCF energy    =     -37795.24025198 kcal/mol  (    -1638.92460223 eV)
 Electronic energy   =    -111439.78542614 kcal/mol  (    -4832.39171875 eV)
 Core-core repulsion =      73644.54517416 kcal/mol  (     3193.46711652 eV)
 
    Atomic Charges for Step       1 :
  Atom    Element       Mulliken Charge
     1      N                 -0.346
     2      C                  0.087
     3      C                 -0.246
     4      C                 -0.102
     5      C                 -0.893
     6      C                 -0.139
     7      O                 -0.549
     8      O                 -0.460
     9      H                  0.114
    10      H                  0.114
    11      H                 -0.025
    12      H                 -0.025
    13      H                  0.048
    14      H                  0.048
    15      H                  0.070
    16      H                  0.069
    17      H                  0.043
    18      H                  0.043
    19      H                  0.148
 Total Mulliken Charge =      -2.000
 
                  X        Y        Z     TOTAL  
  QM DIPOLE -3236.098-1968.969 1415.270 4043.781
 
 Final Structure

  QMMM: QM Region Cartesian Coordinates (*=link atom) 
  QMMM: QM_NO.   MM_NO.  ATOM         X         Y         Z
  QMMM:     1        1      N     -231.5704 -198.2808  296.9496
  QMMM:     2        2      C     -234.0198 -199.3182  299.7783
  QMMM:     3        3      C     -233.5843 -198.6985  298.4272
  QMMM:     4        4      C     -232.0910 -198.8553  298.1769
  QMMM:     5        5      C     -235.4109 -199.1983  300.0624
  QMMM:     6        6      C      908.0730  609.4613 -593.8645
  QMMM:     7        7      O      908.8549  609.0417 -594.7388
  QMMM:     8        8      O      906.7937  608.8979 -594.1317
  QMMM:     9        9      H     -231.7658 -197.2963  296.9348
  QMMM:    10       10      H     -232.0491 -198.6840  296.1648
  QMMM:    11       11      H     -233.3768 -198.8093  300.5580
  QMMM:    12       12      H     -233.6817 -200.3970  299.7318
  QMMM:    13       13      H     -233.8608 -197.6146  298.4307
  QMMM:    14       14      H     -234.1634 -199.1932  297.6079
  QMMM:    15       15      H     -231.5264 -198.3876  299.0324
  QMMM:    16       16      H     -231.8354 -199.9526  298.1687
  QMMM:    17       17      H     -236.1175 -199.9431  299.7163
  QMMM:    18       18      H     -235.8049 -198.3210  300.5612
  QMMM:    19       19      H      906.2285  609.2439 -593.4419

           --------- Calculation Completed ----------

